<?xml version="1.0" encoding="UTF-8"?>
<!-- Generated by org.testng.reporters.JUnitReportReporter -->
<testsuite hostname="LAPTOP-G9HHL1F8" failures="0" tests="1" name="Execution.ExecuteTest" time="39.421" errors="0" timestamp="2020-08-07T01:27:45 IST" skipped="0">
  <testcase classname="Execution.ExecuteTest" name="verifyContactus" time="39.421"/>
  <system-out/>
</testsuite> <!-- Execution.ExecuteTest -->
